4083.0
4330.0
4041.0
4429.0
4435.0
4072.0
4181.0
4579.0
4159.0
4133.0
4226.0
4264.0
4294.0
4258.0
4281.0
4220.0
4145.0
3931.0
4529.0
4508.0
4075.0
4283.0
4173.0
4120.0
4403.0
4089.0
4485.0
4201.0
4005.0
4542.0
4402.0
4210.0
4282.0
4514.0
4210.0
4282.0
4497.0
4316.0
4415.0
4413.0
3926.0
3906.0
4359.0
4161.0
4505.0
3869.0
3868.0
4193.0
4586.0
4473.0
4335.0
4292.0
3904.0
4140.0
4322.0
4515.0
4166.0
4435.0
4160.0
4473.0
4380.0
4331.0
4351.0
4209.0
4119.0
4287.0
4030.0
4306.0
4298.0
3977.0
4740.0
4321.0
4490.0
4326.0
4314.0
4326.0
4166.0
4302.0
4393.0
4275.0
4325.0
4278.0
4204.0
4459.0
3924.0
4053.0
3878.0
4287.0
4365.0
4142.0
4410.0
4237.0
3926.0
4776.0
3993.0
4270.0
4667.0
4449.0
4031.0
4502.0
