Run Stats for experiment at: 05-30-2016 16:32:24
4284.0
3611.0
4376.0
4308.0
4356.0
3880.0
4308.0
4166.0
3494.0
4392.0
3930.0
3898.0
4594.0
4194.0
4241.0
4117.0
3939.0
4091.0
4160.0
4317.0
4243.0
4196.0
4496.0
4450.0
4353.0
4389.0
4398.0
4328.0
4179.0
4382.0
4338.0
3957.0
4520.0
4031.0
4047.0
4495.0
4260.0
3945.0
4156.0
4609.0
4350.0
4228.0
4445.0
4471.0
4169.0
4180.0
4422.0
4288.0
4082.0
4086.0
4084.0
4534.0
4289.0
4209.0
4503.0
4121.0
3850.0
4211.0
4013.0
4510.0
4488.0
4037.0
4447.0
4237.0
4210.0
4236.0
4114.0
4523.0
4364.0
4076.0
4427.0
4284.0
4440.0
4001.0
4549.0
4084.0
4229.0
4199.0
4288.0
4368.0
4239.0
4161.0
4638.0
4625.0
4337.0
4192.0
4330.0
4280.0
4035.0
4495.0
4513.0
4201.0
4487.0
4304.0
3903.0
4137.0
4435.0
4191.0
4440.0
4278.0
